<?xml version="1.0" encoding="UTF-8"?>
<testng-results skipped="0" failed="0" total="1" passed="1">
  <reporter-output>
  </reporter-output>
  <suite name="Suite" duration-ms="9105" started-at="2017-05-25T15:36:19Z" finished-at="2017-05-25T15:36:28Z">
    <groups>
    </groups>
    <test name="Test" duration-ms="9105" started-at="2017-05-25T15:36:19Z" finished-at="2017-05-25T15:36:28Z">
      <class name="upstestlogin.LoginTest">
        <test-method status="PASS" signature="beforeMethod()[pri:0, instance:upstestlogin.LoginTest@224edc67]" name="beforeMethod" is-config="true" duration-ms="6632" started-at="2017-05-25T11:36:19Z" finished-at="2017-05-25T11:36:26Z">
          <reporter-output>
          </reporter-output>
        </test-method> <!-- beforeMethod -->
        <test-method status="PASS" signature="loginTest()[pri:0, instance:upstestlogin.LoginTest@224edc67]" name="loginTest" duration-ms="2461" started-at="2017-05-25T11:36:26Z" finished-at="2017-05-25T11:36:28Z">
          <reporter-output>
          </reporter-output>
        </test-method> <!-- loginTest -->
        <test-method status="PASS" signature="afterMethod()[pri:0, instance:upstestlogin.LoginTest@224edc67]" name="afterMethod" is-config="true" duration-ms="0" started-at="2017-05-25T11:36:28Z" finished-at="2017-05-25T11:36:28Z">
          <reporter-output>
          </reporter-output>
        </test-method> <!-- afterMethod -->
      </class> <!-- upstestlogin.LoginTest -->
    </test> <!-- Test -->
  </suite> <!-- Suite -->
</testng-results>
